<?xml version="1.0" encoding="utf-8"?><testsuites><testsuite name="pytest" errors="0" failures="0" skipped="0" tests="13" time="0.281" timestamp="2023-11-21T22:43:02.138556" hostname="dc735dd2162a"><testcase classname="protect_archiver.test_client" name="test_get_camera_list" time="0.008" /><testcase classname="protect_archiver.test_client" name="test_download_footage" time="0.007" /><testcase classname="protect_archiver.test_utils" name="test_calculate_intervals_multiple_partial_no_alignment_1" time="0.001" /><testcase classname="protect_archiver.test_utils" name="test_calculate_intervals_multiple_partial_no_alignment_2" time="0.000" /><testcase classname="protect_archiver.test_utils" name="test_calculate_intervals_multiple_partial_no_alignment_3" time="0.000" /><testcase classname="protect_archiver.test_utils" name="test_calculate_intervals_no_splitting" time="0.000" /><testcase classname="protect_archiver.test_utils" name="test_calculate_intervals_15m_within_hour" time="0.000" /><testcase classname="protect_archiver.test_utils" name="test_calculate_intervals_30m_crossing_hour" time="0.000" /><testcase classname="protect_archiver.test_utils" name="test_calculate_intervals_15m_to_full_hour" time="0.000" /><testcase classname="protect_archiver.test_utils" name="test_calculate_intervals_15m_1s_after_the_hour" time="0.000" /><testcase classname="protect_archiver.test_utils" name="test_calculate_intervals_15m_8s_after_the_hour" time="0.000" /><testcase classname="protect_archiver.test_utils" name="test_calculate_intervals_5h_15m_same_day" time="0.001" /><testcase classname="protect_archiver.test_utils" name="test_calculate_intervals_5h_15m_next_day" time="0.001" /></testsuite></testsuites>